<?xml version="1.0" encoding="UTF-8"?>
<testsuite name="ParseTemplateTest" time="0.177" tests="1" errors="1" skipped="0" failures="0">
  <properties>
    <property name="java.runtime.name" value="Java(TM) SE Runtime Environment"/>
    <property name="sun.boot.library.path" value="/usr/local/java/jdk1.7.0_40/jre/lib/amd64"/>
    <property name="java.vm.version" value="24.0-b56"/>
    <property name="java.vm.vendor" value="Oracle Corporation"/>
    <property name="java.vendor.url" value="http://java.oracle.com/"/>
    <property name="path.separator" value=":"/>
    <property name="guice.disable.misplaced.annotation.check" value="true"/>
    <property name="java.vm.name" value="Java HotSpot(TM) 64-Bit Server VM"/>
    <property name="file.encoding.pkg" value="sun.io"/>
    <property name="user.country" value="US"/>
    <property name="sun.java.launcher" value="SUN_STANDARD"/>
    <property name="sun.os.patch.level" value="unknown"/>
    <property name="test" value="ParseTemplateTest"/>
    <property name="java.vm.specification.name" value="Java Virtual Machine Specification"/>
    <property name="user.dir" value="/home/tfarkas/NetBeansProjects/PrimitiveGenerics4j"/>
    <property name="java.runtime.version" value="1.7.0_40-b43"/>
    <property name="java.awt.graphicsenv" value="sun.awt.X11GraphicsEnvironment"/>
    <property name="java.endorsed.dirs" value="/usr/local/java/jdk1.7.0_40/jre/lib/endorsed"/>
    <property name="os.arch" value="amd64"/>
    <property name="java.io.tmpdir" value="/tmp"/>
    <property name="line.separator" value="&#10;"/>
    <property name="java.vm.specification.vendor" value="Oracle Corporation"/>
    <property name="os.name" value="Linux"/>
    <property name="maven.ext.class.path" value="/home/tfarkas/netbeans-8.0.1/java/maven-nblib/netbeans-eventspy.jar:/home/tfarkas/netbeans-8.0.1/java/maven-nblib/netbeans-cos.jar"/>
    <property name="classworlds.conf" value="/home/tfarkas/netbeans-8.0.1/java/maven/bin/m2.conf"/>
    <property name="sun.jnu.encoding" value="UTF-8"/>
    <property name="java.library.path" value="/usr/local/java/jdk1.7.0_40/jre/lib/amd64:/usr/local/java/jdk1.7.0_40/jre/lib/i386::/usr/java/packages/lib/amd64:/usr/lib64:/lib64:/lib:/usr/lib"/>
    <property name="java.specification.name" value="Java Platform API Specification"/>
    <property name="java.class.version" value="51.0"/>
    <property name="sun.management.compiler" value="HotSpot 64-Bit Tiered Compilers"/>
    <property name="os.version" value="3.8.0-44-generic"/>
    <property name="user.home" value="/home/tfarkas"/>
    <property name="user.timezone" value="America/Los_Angeles"/>
    <property name="java.awt.printerjob" value="sun.print.PSPrinterJob"/>
    <property name="java.specification.version" value="1.7"/>
    <property name="file.encoding" value="UTF-8"/>
    <property name="user.name" value="tfarkas"/>
    <property name="java.class.path" value="/home/tfarkas/netbeans-8.0.1/java/maven/boot/plexus-classworlds-2.4.jar"/>
    <property name="java.vm.specification.version" value="1.7"/>
    <property name="sun.arch.data.model" value="64"/>
    <property name="java.home" value="/usr/local/java/jdk1.7.0_40/jre"/>
    <property name="sun.java.command" value="org.codehaus.plexus.classworlds.launcher.Launcher -Dtest=ParseTemplateTest -Dmaven.ext.class.path=/home/tfarkas/netbeans-8.0.1/java/maven-nblib/netbeans-eventspy.jar:/home/tfarkas/netbeans-8.0.1/java/maven-nblib/netbeans-cos.jar surefire:test"/>
    <property name="java.specification.vendor" value="Oracle Corporation"/>
    <property name="user.language" value="en"/>
    <property name="awt.toolkit" value="sun.awt.X11.XToolkit"/>
    <property name="java.vm.info" value="mixed mode"/>
    <property name="java.version" value="1.7.0_40"/>
    <property name="java.ext.dirs" value="/usr/local/java/jdk1.7.0_40/jre/lib/ext:/usr/java/packages/lib/ext"/>
    <property name="securerandom.source" value="file:/dev/./urandom"/>
    <property name="sun.boot.class.path" value="/usr/local/java/jdk1.7.0_40/jre/lib/resources.jar:/usr/local/java/jdk1.7.0_40/jre/lib/rt.jar:/usr/local/java/jdk1.7.0_40/jre/lib/sunrsasign.jar:/usr/local/java/jdk1.7.0_40/jre/lib/jsse.jar:/usr/local/java/jdk1.7.0_40/jre/lib/jce.jar:/usr/local/java/jdk1.7.0_40/jre/lib/charsets.jar:/usr/local/java/jdk1.7.0_40/jre/lib/jfr.jar:/usr/local/java/jdk1.7.0_40/jre/classes"/>
    <property name="java.vendor" value="Oracle Corporation"/>
    <property name="maven.home" value="/home/tfarkas/netbeans-8.0.1/java/maven"/>
    <property name="file.separator" value="/"/>
    <property name="java.vendor.url.bug" value="http://bugreport.sun.com/bugreport/"/>
    <property name="sun.cpu.endian" value="little"/>
    <property name="sun.io.unicode.encoding" value="UnicodeLittle"/>
    <property name="sun.desktop" value="gnome"/>
    <property name="sun.cpu.isalist" value=""/>
  </properties>
  <testcase name="simpleTest" classname="ParseTemplateTest" time="0.177">
    <error type="java.lang.NullPointerException:"><![CDATA[java.lang.NullPointerException: null
	at com.topekalabs.pg4j.parse.PGTypeParamsH.validate(PGTypeParamsH.java:38)
	at com.topekalabs.pg4j.parse.PGTypeParamsH.<init>(PGTypeParamsH.java:27)
	at com.topekalabs.pg4j.parse.ValidationVisitor.parseTypeParams(ValidationVisitor.java:211)
	at com.topekalabs.pg4j.parse.ValidationVisitor.parseTypeParamss(ValidationVisitor.java:161)
	at com.topekalabs.pg4j.parse.ValidationVisitor.parsePGClass(ValidationVisitor.java:144)
	at com.topekalabs.pg4j.parse.ValidationVisitor.visit(ValidationVisitor.java:114)
	at japa.parser.ast.body.ClassOrInterfaceDeclaration.accept(ClassOrInterfaceDeclaration.java:84)
	at japa.parser.ast.visitor.VoidVisitorAdapter.visit(VoidVisitorAdapter.java:296)
	at com.topekalabs.pg4j.parse.ValidationVisitor.visit(ValidationVisitor.java:68)
	at com.topekalabs.pg4j.parse.ParseTemplate.generateTemplates(ParseTemplate.java:50)
	at ParseTemplateTest.simpleTest(ParseTemplateTest.java:28)
]]></error>
    <system-out><![CDATA[2015-03-01 19:03:00 DEBUG ParseTemplateTest:27 - com.topekalabs.pg4j.annotations.PGField
2015-03-01 19:03:01 DEBUG ValidationVisitor:282 - Type declaration PGType
2015-03-01 19:03:01 DEBUG ValidationVisitor:283 - Type declaration class japa.parser.ast.expr.NameExpr
]]></system-out>
  </testcase>
</testsuite>